<?xml version="1.0" encoding="UTF-8"?>
<!-- Generated by org.testng.reporters.JUnitXMLReporter -->
<testsuite hostname="LAPTOP-5MAFJ0A7" ignored="9" name="Default test" tests="1" failures="0" timestamp="19 Jul 2019 01:10:31 GMT" time="18.407" errors="0">
  <testcase name="ControlGroupTest" time="2.8" classname="Test.AllTests"/>
  <testcase name="AutocompleteTest" time="0.0" classname="Test.AllTests">
    <ignored/>
  </testcase> <!-- AutocompleteTest -->
  <testcase name="SortableTest" time="0.0" classname="Test.AllTests">
    <ignored/>
  </testcase> <!-- SortableTest -->
  <testcase name="DraggableTest" time="0.0" classname="Test.AllTests">
    <ignored/>
  </testcase> <!-- DraggableTest -->
  <testcase name="ButtonTest" time="0.0" classname="Test.AllTests">
    <ignored/>
  </testcase> <!-- ButtonTest -->
  <testcase name="DroppableTest" time="0.0" classname="Test.AllTests">
    <ignored/>
  </testcase> <!-- DroppableTest -->
  <testcase name="CheckBoxRadioTest" time="0.0" classname="Test.AllTests">
    <ignored/>
  </testcase> <!-- CheckBoxRadioTest -->
  <testcase name="ResizeableTest" time="0.0" classname="Test.AllTests">
    <ignored/>
  </testcase> <!-- ResizeableTest -->
  <testcase name="AccodianTest" time="0.0" classname="Test.AllTests">
    <ignored/>
  </testcase> <!-- AccodianTest -->
  <testcase name="SelectableTest" time="0.0" classname="Test.AllTests">
    <ignored/>
  </testcase> <!-- SelectableTest -->
</testsuite> <!-- Default test -->
