<?xml version="1.0" encoding="UTF-8"?>
<!-- Generated by org.testng.reporters.JUnitXMLReporter -->
<testsuite hostname="LAPTOP-5MAFJ0A7" ignored="25" name="Default test" tests="1" failures="0" timestamp="24 Mar 2019 22:36:47 GMT" time="15.478" errors="0">
  <testcase name="Gotothewebsiteclickcontactusthengoback" time="4.421" classname="Tests.AllTests"/>
  <testcase name="CreatingAcctInMyOrdersPageThenEnterPersonalInfo3ThenEnterFirstNameLstNameEmaillAddressPasswordandDOBThenPressReg" time="0.0" classname="Tests.AllTests">
    <ignored/>
  </testcase> <!-- CreatingAcctInMyOrdersPageThenEnterPersonalInfo3ThenEnterFirstNameLstNameEmaillAddressPasswordandDOBThenPressReg -->
  <testcase name="ClickSpecialsButtonAndSelectFromDropDownPriceHighestToLowest" time="0.0" classname="Tests.AllTests">
    <ignored/>
  </testcase> <!-- ClickSpecialsButtonAndSelectFromDropDownPriceHighestToLowest -->
  <testcase name="Clicking25OffBanner" time="0.0" classname="Tests.AllTests">
    <ignored/>
  </testcase> <!-- Clicking25OffBanner -->
  <testcase name="AddingTwoItemsToTheCartThenSearchingForJeans" time="0.0" classname="Tests.AllTests">
    <ignored/>
  </testcase> <!-- AddingTwoItemsToTheCartThenSearchingForJeans -->
  <testcase name="ClickingBestSellersButton" time="0.0" classname="Tests.AllTests">
    <ignored/>
  </testcase> <!-- ClickingBestSellersButton -->
  <testcase name="CreatingAcctInMyOrdersPageThenEnterPersonalInfo3ThenEnterTitleNameAndPressReg" time="0.0" classname="Tests.AllTests">
    <ignored/>
  </testcase> <!-- CreatingAcctInMyOrdersPageThenEnterPersonalInfo3ThenEnterTitleNameAndPressReg -->
  <testcase name="ClickingWomensBttn" time="0.0" classname="Tests.AllTests">
    <ignored/>
  </testcase> <!-- ClickingWomensBttn -->
  <testcase name="CreatingAccountInMyOrdersPageThenEnteringAddressAndPressingRegister" time="0.0" classname="Tests.AllTests">
    <ignored/>
  </testcase> <!-- CreatingAccountInMyOrdersPageThenEnteringAddressAndPressingRegister -->
  <testcase name="ClickingTshirtButton" time="0.0" classname="Tests.AllTests">
    <ignored/>
  </testcase> <!-- ClickingTshirtButton -->
  <testcase name="AddingFadedShortSleeveToCart" time="0.0" classname="Tests.AllTests">
    <ignored/>
  </testcase> <!-- AddingFadedShortSleeveToCart -->
  <testcase name="CreatingAccountInMyOrdersPageThenEnteringPersonalInfoThenFillingInAddressThenPressReg" time="0.0" classname="Tests.AllTests">
    <ignored/>
  </testcase> <!-- CreatingAccountInMyOrdersPageThenEnteringPersonalInfoThenFillingInAddressThenPressReg -->
  <testcase name="AddingPrintedDressToCart" time="0.0" classname="Tests.AllTests">
    <ignored/>
  </testcase> <!-- AddingPrintedDressToCart -->
  <testcase name="CreatingAcctInMyOrdersPageThenEnterPersonalInfo1" time="0.0" classname="Tests.AllTests">
    <ignored/>
  </testcase> <!-- CreatingAcctInMyOrdersPageThenEnterPersonalInfo1 -->
  <testcase name="EnterSubjectHeaderEmailAddressOrderReferenceEnterMessageInToBoxAndClickSendButton" time="0.0" classname="Tests.AllTests">
    <ignored/>
  </testcase> <!-- EnterSubjectHeaderEmailAddressOrderReferenceEnterMessageInToBoxAndClickSendButton -->
  <testcase name="CreatingAcctInMyOrdersPage" time="0.0" classname="Tests.AllTests">
    <ignored/>
  </testcase> <!-- CreatingAcctInMyOrdersPage -->
  <testcase name="CreatingAcctInMyOrdersPageThenEnterPersonalInfo3" time="0.0" classname="Tests.AllTests">
    <ignored/>
  </testcase> <!-- CreatingAcctInMyOrdersPageThenEnterPersonalInfo3 -->
  <testcase name="CreatingAcctInMyOrdersPageThenEnterPersonalInfo2" time="0.0" classname="Tests.AllTests">
    <ignored/>
  </testcase> <!-- CreatingAcctInMyOrdersPageThenEnterPersonalInfo2 -->
  <testcase name="SignUpForNewsletter" time="0.0" classname="Tests.AllTests">
    <ignored/>
  </testcase> <!-- SignUpForNewsletter -->
  <testcase name="FillSearchBoxWithTshirt" time="0.0" classname="Tests.AllTests">
    <ignored/>
  </testcase> <!-- FillSearchBoxWithTshirt -->
  <testcase name="gotothewebsiteclickcontactusthengobackandgototheyoutubelinkthengobackhomeandclickcontactusagian" time="0.0" classname="Tests.AllTests">
    <ignored/>
  </testcase> <!-- gotothewebsiteclickcontactusthengobackandgototheyoutubelinkthengobackhomeandclickcontactusagian -->
  <testcase name="FillsearchBoxwithBlouse" time="0.0" classname="Tests.AllTests">
    <ignored/>
  </testcase> <!-- FillsearchBoxwithBlouse -->
  <testcase name="ClickingContactUsButton" time="0.0" classname="Tests.AllTests">
    <ignored/>
  </testcase> <!-- ClickingContactUsButton -->
  <testcase name="EnterSubjectHeaderEmailAddressOrderReferenceAndClickSendButton" time="0.0" classname="Tests.AllTests">
    <ignored/>
  </testcase> <!-- EnterSubjectHeaderEmailAddressOrderReferenceAndClickSendButton -->
  <testcase name="EnterSubjectHeaderAndClickSendButton" time="0.0" classname="Tests.AllTests">
    <ignored/>
  </testcase> <!-- EnterSubjectHeaderAndClickSendButton -->
  <testcase name="ClickYoutubeLink" time="0.0" classname="Tests.AllTests">
    <ignored/>
  </testcase> <!-- ClickYoutubeLink -->
</testsuite> <!-- Default test -->
