<?xml version="1.0" encoding="UTF-8"?>
<!-- Generated by org.testng.reporters.JUnitXMLReporter -->
<testsuite hostname="LAPTOP-5MAFJ0A7" ignored="7" name="Test" tests="14" failures="0" timestamp="20 Mar 2019 02:01:07 GMT" time="226.567" errors="0">
  <testcase name="ClickingWBttn" time="9.649" classname="Tests.TestHP"/>
  <testcase name="ClickSearchBoxWithoutTypingAnything" time="2.636" classname="Tests.TestHP"/>
  <testcase name="ActuallySearchingForBlouse" time="2.653" classname="Tests.TestHP"/>
  <testcase name="ActuallySearchingForTShirts" time="2.725" classname="Tests.TestHP"/>
  <testcase name="ClickingContactUS" time="3.548" classname="Tests.TestHP"/>
  <testcase name="ClickingOnABanner" time="5.963" classname="Tests.TestHP"/>
  <testcase name="ClickingBestSellers" time="2.586" classname="Tests.TestHP"/>
  <testcase name="AddingToCart1st4items" time="20.427" classname="Tests.TestHP"/>
  <testcase name="ClickingMyOrders" time="4.257" classname="Tests.TestHP"/>
  <testcase name="ClcikingNewProducts" time="3.941" classname="Tests.TestHP"/>
  <testcase name="ClickMensBanner" time="6.936" classname="Tests.TestHP"/>
  <testcase name="ClcikingWBttn" time="6.118" classname="Tests.TestHP"/>
  <testcase name="AddingSingleItemToCartThenPressingPlusBtn" time="9.605" classname="Tests.TestHP"/>
  <testcase name="AddingSingleItemToCartThenPressingProcedbtn" time="9.82" classname="Tests.TestHP"/>
  <testcase name="test17" time="0.0" classname="Tests.TestHP">
    <ignored/>
  </testcase> <!-- test17 -->
  <testcase name="ClcikingtShirtbttn" time="0.0" classname="Tests.TestHP">
    <ignored/>
  </testcase> <!-- ClcikingtShirtbttn -->
  <testcase name="test21" time="0.0" classname="Tests.TestHP">
    <ignored/>
  </testcase> <!-- test21 -->
  <testcase name="Selecting1stOptionUnderDresses" time="0.0" classname="Tests.TestHP">
    <ignored/>
  </testcase> <!-- Selecting1stOptionUnderDresses -->
  <testcase name="test20" time="0.0" classname="Tests.TestHP">
    <ignored/>
  </testcase> <!-- test20 -->
  <testcase name="test19" time="0.0" classname="Tests.TestHP">
    <ignored/>
  </testcase> <!-- test19 -->
  <testcase name="test18" time="0.0" classname="Tests.TestHP">
    <ignored/>
  </testcase> <!-- test18 -->
</testsuite> <!-- Test -->
